{"level":"error","message":"Error connecting to MongoDB: querySrv ENOTFOUND _mongodb._tcp.cluster0.abcde.mongodb.net","service":"ride-mitron-backend","timestamp":"2026-03-03T08:12:03.993Z"}
{"level":"error","message":"Error connecting to MongoDB: querySrv ENOTFOUND _mongodb._tcp.cluster0.abcde.mongodb.net","service":"ride-mitron-backend","timestamp":"2026-03-03T09:27:56.704Z"}
{"level":"error","message":"Error connecting to MongoDB: querySrv ENOTFOUND _mongodb._tcp.cluster0.abcde.mongodb.net","service":"ride-mitron-backend","timestamp":"2026-03-03T09:33:54.019Z"}
{"level":"error","message":"Error connecting to MongoDB: querySrv ENOTFOUND _mongodb._tcp.cluster0.abcde.mongodb.net","service":"ride-mitron-backend","timestamp":"2026-03-03T09:36:01.692Z"}
{"level":"error","message":"Error connecting to MongoDB: querySrv ENOTFOUND _mongodb._tcp.cluster0.abcde.mongodb.net","service":"ride-mitron-backend","timestamp":"2026-03-03T09:38:38.636Z"}
{"level":"info","message":"MongoDB Connected: ac-47y1mny-shard-00-00.sniutqv.mongodb.net","service":"ride-mitron-backend","timestamp":"2026-03-03T10:50:25.440Z"}
{"level":"info","message":"Server running in development mode on port 5000","service":"ride-mitron-backend","timestamp":"2026-03-03T10:50:25.454Z"}
{"level":"info","message":"MongoDB Connected: ac-47y1mny-shard-00-02.sniutqv.mongodb.net","service":"ride-mitron-backend","timestamp":"2026-03-03T10:54:45.955Z"}
{"level":"info","message":"MongoDB Connected: ac-47y1mny-shard-00-02.sniutqv.mongodb.net","service":"ride-mitron-backend","timestamp":"2026-03-03T11:10:12.806Z"}
{"level":"info","message":"Server running in development mode on port 5000","service":"ride-mitron-backend","timestamp":"2026-03-03T11:10:12.815Z"}
{"level":"error","message":"404 - Not Found - /api/v1/health - /api/v1/health - GET - ::1","service":"ride-mitron-backend","timestamp":"2026-03-03T11:11:45.394Z"}
{"level":"info","message":"Sending OTP 242275 to 7799505689","service":"ride-mitron-backend","timestamp":"2026-03-03T12:06:37.175Z"}
{"level":"error","message":"500 - A01A0000:error:0A000438:SSL routines:ssl3_read_bytes:tlsv1 alert internal error:openssl\\ssl\\record\\rec_layer_s3.c:916:SSL alert number 80\n - /api/v1/auth/verify-otp - POST - ::1","service":"ride-mitron-backend","timestamp":"2026-03-03T12:07:24.118Z"}
{"level":"info","message":"Sending OTP 465123 to 7799505689","service":"ride-mitron-backend","timestamp":"2026-03-03T12:11:50.081Z"}
{"level":"info","message":"Sending OTP 960509 to 7799505689","service":"ride-mitron-backend","timestamp":"2026-03-03T12:12:05.260Z"}
{"level":"error","message":"500 - A01A0000:error:0A000438:SSL routines:ssl3_read_bytes:tlsv1 alert internal error:openssl\\ssl\\record\\rec_layer_s3.c:916:SSL alert number 80\n - /api/v1/auth/verify-otp - POST - ::1","service":"ride-mitron-backend","timestamp":"2026-03-03T12:12:42.430Z"}
{"level":"error","message":"Error connecting to MongoDB: Could not connect to any servers in your MongoDB Atlas cluster. One common reason is that you're trying to access the database from an IP that isn't whitelisted. Make sure your current IP address is on your Atlas cluster's IP whitelist: https://www.mongodb.com/docs/atlas/security-whitelist/","service":"ride-mitron-backend","timestamp":"2026-03-03T12:13:54.110Z"}
{"level":"info","message":"Sending OTP 981156 to 7799505689","service":"ride-mitron-backend","timestamp":"2026-03-03T12:13:57.851Z"}
{"level":"error","message":"500 - A01A0000:error:0A000438:SSL routines:ssl3_read_bytes:tlsv1 alert internal error:openssl\\ssl\\record\\rec_layer_s3.c:916:SSL alert number 80\n - /api/v1/auth/verify-otp - POST - ::1","service":"ride-mitron-backend","timestamp":"2026-03-03T12:14:34.488Z"}
{"level":"info","message":"Sending OTP 769083 to 7799505689","service":"ride-mitron-backend","timestamp":"2026-03-03T12:36:45.625Z"}
{"level":"error","message":"500 - A01A0000:error:0A000438:SSL routines:ssl3_read_bytes:tlsv1 alert internal error:openssl\\ssl\\record\\rec_layer_s3.c:916:SSL alert number 80\n - /api/v1/auth/verify-otp - POST - ::1","service":"ride-mitron-backend","timestamp":"2026-03-03T12:37:22.518Z"}
{"level":"info","message":"Sending OTP 681153 to 7799505689","service":"ride-mitron-backend","timestamp":"2026-03-03T12:38:45.023Z"}
{"level":"error","message":"500 - A01A0000:error:0A000438:SSL routines:ssl3_read_bytes:tlsv1 alert internal error:openssl\\ssl\\record\\rec_layer_s3.c:916:SSL alert number 80\n - /api/v1/auth/verify-otp - POST - ::1","service":"ride-mitron-backend","timestamp":"2026-03-03T12:39:26.517Z"}
{"level":"error","message":"Error connecting to MongoDB: Could not connect to any servers in your MongoDB Atlas cluster. One common reason is that you're trying to access the database from an IP that isn't whitelisted. Make sure your current IP address is on your Atlas cluster's IP whitelist: https://www.mongodb.com/docs/atlas/security-whitelist/","service":"ride-mitron-backend","timestamp":"2026-03-03T12:44:50.611Z"}
{"level":"info","message":"Sending OTP 597233 to 7985865459","service":"ride-mitron-backend","timestamp":"2026-03-03T14:10:14.669Z"}
{"level":"error","message":"500 - A01A0000:error:0A000438:SSL routines:ssl3_read_bytes:tlsv1 alert internal error:openssl\\ssl\\record\\rec_layer_s3.c:916:SSL alert number 80\n - /api/v1/auth/verify-otp - POST - ::1","service":"ride-mitron-backend","timestamp":"2026-03-03T14:10:54.174Z"}
{"level":"error","message":"Error connecting to MongoDB: Could not connect to any servers in your MongoDB Atlas cluster. One common reason is that you're trying to access the database from an IP that isn't whitelisted. Make sure your current IP address is on your Atlas cluster's IP whitelist: https://www.mongodb.com/docs/atlas/security-whitelist/","service":"ride-mitron-backend","timestamp":"2026-03-03T14:13:49.007Z"}
{"level":"error","message":"Error connecting to MongoDB: Could not connect to any servers in your MongoDB Atlas cluster. One common reason is that you're trying to access the database from an IP that isn't whitelisted. Make sure your current IP address is on your Atlas cluster's IP whitelist: https://www.mongodb.com/docs/atlas/security-whitelist/","service":"ride-mitron-backend","timestamp":"2026-03-03T14:15:36.433Z"}
{"level":"info","message":"Sending OTP 528723 to 7799505689","service":"ride-mitron-backend","timestamp":"2026-03-03T14:17:26.419Z"}
{"level":"error","message":"Error connecting to MongoDB: Could not connect to any servers in your MongoDB Atlas cluster. One common reason is that you're trying to access the database from an IP that isn't whitelisted. Make sure your current IP address is on your Atlas cluster's IP whitelist: https://www.mongodb.com/docs/atlas/security-whitelist/","service":"ride-mitron-backend","timestamp":"2026-03-03T14:17:33.811Z"}
{"level":"error","message":"500 - A01A0000:error:0A000438:SSL routines:ssl3_read_bytes:tlsv1 alert internal error:openssl\\ssl\\record\\rec_layer_s3.c:916:SSL alert number 80\n - /api/v1/auth/verify-otp - POST - ::1","service":"ride-mitron-backend","timestamp":"2026-03-03T14:18:02.926Z"}
{"level":"error","message":"Error connecting to MongoDB: Could not connect to any servers in your MongoDB Atlas cluster. One common reason is that you're trying to access the database from an IP that isn't whitelisted. Make sure your current IP address is on your Atlas cluster's IP whitelist: https://www.mongodb.com/docs/atlas/security-whitelist/","service":"ride-mitron-backend","timestamp":"2026-03-03T14:29:34.513Z"}
{"level":"info","message":"MongoDB Connected: ac-47y1mny-shard-00-02.sniutqv.mongodb.net","service":"ride-mitron-backend","timestamp":"2026-03-03T14:35:31.163Z"}
{"level":"info","message":"MongoDB Connected: ac-47y1mny-shard-00-00.sniutqv.mongodb.net","service":"ride-mitron-backend","timestamp":"2026-03-03T14:39:25.943Z"}
{"level":"info","message":"Server running in development mode on port 5000","service":"ride-mitron-backend","timestamp":"2026-03-03T14:39:25.953Z"}
{"level":"info","message":"Sending OTP 277645 to 7799505689","service":"ride-mitron-backend","timestamp":"2026-03-03T14:40:39.925Z"}
{"level":"info","message":"Sending OTP 486061 to 7799505689","service":"ride-mitron-backend","timestamp":"2026-03-03T14:42:16.882Z"}
{"level":"info","message":"MongoDB Connected: ac-47y1mny-shard-00-01.sniutqv.mongodb.net","service":"ride-mitron-backend","timestamp":"2026-03-03T14:47:51.333Z"}
{"level":"info","message":"Server running in development mode on port 5000","service":"ride-mitron-backend","timestamp":"2026-03-03T14:47:51.349Z"}
{"level":"info","message":"MongoDB Connected: ac-47y1mny-shard-00-01.sniutqv.mongodb.net","service":"ride-mitron-backend","timestamp":"2026-03-03T14:55:42.752Z"}
{"level":"info","message":"Server running in development mode on port 5000","service":"ride-mitron-backend","timestamp":"2026-03-03T14:55:42.760Z"}
{"level":"warn","message":"Using mock Google Maps API due to missing key","service":"ride-mitron-backend","timestamp":"2026-03-03T14:59:10.984Z"}
{"level":"error","message":"500 - Ride validation failed: riderPlatformFee: Path `riderPlatformFee` is required., driverPlatformFee: Path `driverPlatformFee` is required. - /api/v1/rides - POST - ::1","service":"ride-mitron-backend","timestamp":"2026-03-03T14:59:11.053Z"}
{"level":"warn","message":"Using mock Google Maps API due to missing key","service":"ride-mitron-backend","timestamp":"2026-03-03T14:59:21.546Z"}
{"level":"error","message":"500 - Ride validation failed: riderPlatformFee: Path `riderPlatformFee` is required., driverPlatformFee: Path `driverPlatformFee` is required. - /api/v1/rides - POST - ::1","service":"ride-mitron-backend","timestamp":"2026-03-03T14:59:21.606Z"}
{"level":"warn","message":"Using mock Google Maps API due to missing key","service":"ride-mitron-backend","timestamp":"2026-03-03T14:59:48.411Z"}
{"level":"error","message":"500 - Ride validation failed: riderPlatformFee: Path `riderPlatformFee` is required., driverPlatformFee: Path `driverPlatformFee` is required. - /api/v1/rides - POST - ::1","service":"ride-mitron-backend","timestamp":"2026-03-03T14:59:48.498Z"}
{"level":"info","message":"MongoDB Connected: ac-47y1mny-shard-00-02.sniutqv.mongodb.net","service":"ride-mitron-backend","timestamp":"2026-03-04T01:09:03.297Z"}
{"level":"info","message":"Server running in development mode on port 5000","service":"ride-mitron-backend","timestamp":"2026-03-04T01:09:03.313Z"}
{"level":"info","message":"Sending OTP 399517 to 7799505689","service":"ride-mitron-backend","timestamp":"2026-03-04T01:09:40.142Z"}
{"level":"info","message":"MongoDB Connected: ac-47y1mny-shard-00-02.sniutqv.mongodb.net","service":"ride-mitron-backend","timestamp":"2026-03-04T01:18:18.974Z"}
{"level":"info","message":"Server running in development mode on port 5000","service":"ride-mitron-backend","timestamp":"2026-03-04T01:18:18.982Z"}
{"level":"info","message":"MongoDB Connected: ac-47y1mny-shard-00-02.sniutqv.mongodb.net","service":"ride-mitron-backend","timestamp":"2026-03-04T01:18:41.526Z"}
{"level":"info","message":"Server running in development mode on port 5000","service":"ride-mitron-backend","timestamp":"2026-03-04T01:18:41.533Z"}
{"level":"info","message":"MongoDB Connected: ac-47y1mny-shard-00-00.sniutqv.mongodb.net","service":"ride-mitron-backend","timestamp":"2026-03-04T01:19:48.117Z"}
{"level":"info","message":"Server running in development mode on port 5000","service":"ride-mitron-backend","timestamp":"2026-03-04T01:19:48.124Z"}
{"level":"info","message":"MongoDB Connected: ac-47y1mny-shard-00-00.sniutqv.mongodb.net","service":"ride-mitron-backend","timestamp":"2026-03-04T01:20:35.863Z"}
{"level":"info","message":"Server running in development mode on port 5000","service":"ride-mitron-backend","timestamp":"2026-03-04T01:20:35.870Z"}
{"level":"warn","message":"Using mock Google Maps API for geocoding due to missing key","service":"ride-mitron-backend","timestamp":"2026-03-04T01:25:41.237Z"}
{"level":"warn","message":"Using mock Google Maps API for geocoding due to missing key","service":"ride-mitron-backend","timestamp":"2026-03-04T01:25:41.238Z"}
{"level":"warn","message":"Using mock Google Maps API due to missing key","service":"ride-mitron-backend","timestamp":"2026-03-04T01:25:41.238Z"}
{"level":"error","message":"500 - Ride validation failed: riderPlatformFee: Path `riderPlatformFee` is required., driverPlatformFee: Path `driverPlatformFee` is required. - /api/v1/rides - POST - ::1","service":"ride-mitron-backend","timestamp":"2026-03-04T01:25:41.576Z"}
{"level":"info","message":"MongoDB Connected: ac-47y1mny-shard-00-02.sniutqv.mongodb.net","service":"ride-mitron-backend","timestamp":"2026-03-04T01:27:12.179Z"}
{"level":"info","message":"Server running in development mode on port 5000","service":"ride-mitron-backend","timestamp":"2026-03-04T01:27:12.187Z"}
{"level":"warn","message":"Using mock Google Maps API for geocoding due to missing key","service":"ride-mitron-backend","timestamp":"2026-03-04T01:34:49.799Z"}
{"level":"warn","message":"Using mock Google Maps API for geocoding due to missing key","service":"ride-mitron-backend","timestamp":"2026-03-04T01:34:49.800Z"}
{"level":"warn","message":"Using mock Google Maps API due to missing key","service":"ride-mitron-backend","timestamp":"2026-03-04T01:34:49.800Z"}
{"level":"info","message":"Sending OTP 634774 to 7799505689","service":"ride-mitron-backend","timestamp":"2026-03-04T07:22:06.222Z"}
{"level":"warn","message":"Using mock Google Maps API for geocoding due to missing key","service":"ride-mitron-backend","timestamp":"2026-03-04T07:23:08.077Z"}
{"level":"warn","message":"Using mock Google Maps API for geocoding due to missing key","service":"ride-mitron-backend","timestamp":"2026-03-04T07:23:08.078Z"}
{"level":"warn","message":"Using mock Google Maps API due to missing key","service":"ride-mitron-backend","timestamp":"2026-03-04T07:23:08.078Z"}
{"level":"info","message":"MongoDB Connected: ac-47y1mny-shard-00-01.sniutqv.mongodb.net","service":"ride-mitron-backend","timestamp":"2026-03-04T14:28:12.817Z"}
{"level":"info","message":"Server running in development mode on port 5000","service":"ride-mitron-backend","timestamp":"2026-03-04T14:28:12.827Z"}
{"level":"info","message":"Sending OTP 216386 to 7799505689","service":"ride-mitron-backend","timestamp":"2026-03-04T14:28:18.254Z"}
{"level":"info","message":"MongoDB Connected: ac-47y1mny-shard-00-01.sniutqv.mongodb.net","service":"ride-mitron-backend","timestamp":"2026-03-12T12:10:33.068Z"}
{"level":"info","message":"Server running in development mode on port 5000","service":"ride-mitron-backend","timestamp":"2026-03-12T12:10:33.076Z"}
{"level":"info","message":"MongoDB Connected: ac-47y1mny-shard-00-01.sniutqv.mongodb.net","service":"ride-mitron-backend","timestamp":"2026-03-12T12:23:00.992Z"}
{"level":"info","message":"Server running in development mode on port 5000","service":"ride-mitron-backend","timestamp":"2026-03-12T12:23:01.012Z"}
{"level":"info","message":"MongoDB Connected: ac-47y1mny-shard-00-02.sniutqv.mongodb.net","service":"ride-mitron-backend","timestamp":"2026-03-12T12:24:06.875Z"}
{"level":"info","message":"Sending OTP 681661 to 7799505689","service":"ride-mitron-backend","timestamp":"2026-03-12T12:24:49.417Z"}
{"level":"warn","message":"Using mock Google Maps API for geocoding due to missing key","service":"ride-mitron-backend","timestamp":"2026-03-12T12:25:58.430Z"}
{"level":"warn","message":"Using mock Google Maps API for geocoding due to missing key","service":"ride-mitron-backend","timestamp":"2026-03-12T12:25:58.430Z"}
{"level":"warn","message":"Using mock Google Maps API due to missing key","service":"ride-mitron-backend","timestamp":"2026-03-12T12:25:58.431Z"}
{"level":"info","message":"Sending OTP 305856 to 6301440764","service":"ride-mitron-backend","timestamp":"2026-03-12T12:26:20.759Z"}
{"level":"warn","message":"Using mock Google Maps API for geocoding due to missing key","service":"ride-mitron-backend","timestamp":"2026-03-12T12:27:03.387Z"}
{"level":"warn","message":"Using mock Google Maps API for geocoding due to missing key","service":"ride-mitron-backend","timestamp":"2026-03-12T12:27:03.388Z"}
{"level":"info","message":"MongoDB Connected: ac-47y1mny-shard-00-02.sniutqv.mongodb.net","service":"ride-mitron-backend","timestamp":"2026-03-12T12:35:19.628Z"}
{"level":"info","message":"Server running in development mode on port 5000","service":"ride-mitron-backend","timestamp":"2026-03-12T12:35:19.642Z"}
{"level":"info","message":"Sending OTP 704135 to 7799505689","service":"ride-mitron-backend","timestamp":"2026-03-12T12:35:47.190Z"}
{"level":"warn","message":"Using open-source Nominatim API for geocoding due to missing Google Maps key","service":"ride-mitron-backend","timestamp":"2026-03-12T12:36:32.833Z"}
{"level":"warn","message":"Using open-source Nominatim API for geocoding due to missing Google Maps key","service":"ride-mitron-backend","timestamp":"2026-03-12T12:36:34.997Z"}
{"level":"warn","message":"Using open-source OSRM API for routing due to missing Google Maps key","service":"ride-mitron-backend","timestamp":"2026-03-12T12:36:36.019Z"}
{"level":"info","message":"Sending OTP 101504 to 6301440764","service":"ride-mitron-backend","timestamp":"2026-03-12T12:37:26.861Z"}
{"level":"warn","message":"Using open-source Nominatim API for geocoding due to missing Google Maps key","service":"ride-mitron-backend","timestamp":"2026-03-12T12:37:57.903Z"}
{"level":"warn","message":"Using open-source Nominatim API for geocoding due to missing Google Maps key","service":"ride-mitron-backend","timestamp":"2026-03-12T12:37:58.496Z"}
{"level":"info","message":"MongoDB Connected: ac-47y1mny-shard-00-02.sniutqv.mongodb.net","service":"ride-mitron-backend","timestamp":"2026-03-13T02:04:29.728Z"}
{"level":"info","message":"Server running in development mode on port 5000","service":"ride-mitron-backend","timestamp":"2026-03-13T02:04:29.735Z"}
{"level":"info","message":"Sending OTP 903332 to 7799505689","service":"ride-mitron-backend","timestamp":"2026-03-13T02:05:00.554Z"}
{"level":"warn","message":"Using open-source Nominatim API for geocoding due to missing Google Maps key","service":"ride-mitron-backend","timestamp":"2026-03-13T03:02:06.881Z"}
{"level":"warn","message":"Using open-source Nominatim API for geocoding due to missing Google Maps key","service":"ride-mitron-backend","timestamp":"2026-03-13T03:02:08.023Z"}
{"level":"warn","message":"Using open-source OSRM API for routing due to missing Google Maps key","service":"ride-mitron-backend","timestamp":"2026-03-13T03:02:08.609Z"}
{"level":"error","message":"OSRM Service Error:","service":"ride-mitron-backend","timestamp":"2026-03-13T03:02:08.616Z"}
{"level":"info","message":"MongoDB Connected: ac-47y1mny-shard-00-02.sniutqv.mongodb.net","service":"ride-mitron-backend","timestamp":"2026-03-13T10:28:20.290Z"}
{"level":"info","message":"Server running in development mode on port 5000","service":"ride-mitron-backend","timestamp":"2026-03-13T10:28:20.305Z"}
{"level":"info","message":"MongoDB Connected: ac-47y1mny-shard-00-01.sniutqv.mongodb.net","service":"ride-mitron-backend","timestamp":"2026-03-13T10:28:39.257Z"}
{"level":"info","message":"Server running in development mode on port 5000","service":"ride-mitron-backend","timestamp":"2026-03-13T10:28:39.264Z"}
{"level":"info","message":"MongoDB Connected: ac-47y1mny-shard-00-02.sniutqv.mongodb.net","service":"ride-mitron-backend","timestamp":"2026-03-13T11:03:02.351Z"}
{"level":"info","message":"Server running in development mode on port 5000","service":"ride-mitron-backend","timestamp":"2026-03-13T11:03:02.359Z"}
{"level":"info","message":"Sending OTP 456613 to 7799505689","service":"ride-mitron-backend","timestamp":"2026-03-13T11:03:31.042Z"}
{"level":"info","message":"MongoDB Connected: ac-47y1mny-shard-00-01.sniutqv.mongodb.net","service":"ride-mitron-backend","timestamp":"2026-03-13T11:05:43.013Z"}
{"level":"info","message":"Server running in development mode on port 5000","service":"ride-mitron-backend","timestamp":"2026-03-13T11:05:43.020Z"}
{"level":"info","message":"MongoDB Connected: ac-47y1mny-shard-00-01.sniutqv.mongodb.net","service":"ride-mitron-backend","timestamp":"2026-03-13T11:06:02.311Z"}
{"level":"info","message":"Server running in development mode on port 5000","service":"ride-mitron-backend","timestamp":"2026-03-13T11:06:02.317Z"}
